TN:
SF:src/db.ts
FN:9,(anonymous_1)
FN:17,(anonymous_2)
FN:21,(anonymous_3)
FN:52,(anonymous_4)
FN:66,(anonymous_5)
FN:80,(anonymous_6)
FN:84,(anonymous_7)
FN:85,(anonymous_8)
FN:88,(anonymous_9)
FN:133,(anonymous_10)
FN:154,(anonymous_11)
FN:175,(anonymous_12)
FN:199,(anonymous_13)
FN:202,(anonymous_14)
FN:206,(anonymous_15)
FN:219,(anonymous_16)
FN:232,(anonymous_17)
FN:245,(anonymous_18)
FN:258,(anonymous_19)
FN:271,(anonymous_20)
FN:284,(anonymous_21)
FN:297,(anonymous_22)
FN:310,(anonymous_23)
FN:324,(anonymous_24)
FN:328,(anonymous_25)
FNF:25
FNH:17
FNDA:70,(anonymous_1)
FNDA:1,(anonymous_2)
FNDA:5,(anonymous_3)
FNDA:4,(anonymous_4)
FNDA:1,(anonymous_5)
FNDA:12,(anonymous_6)
FNDA:27,(anonymous_7)
FNDA:27,(anonymous_8)
FNDA:12,(anonymous_9)
FNDA:4,(anonymous_10)
FNDA:3,(anonymous_11)
FNDA:0,(anonymous_12)
FNDA:2,(anonymous_13)
FNDA:1,(anonymous_14)
FNDA:2,(anonymous_15)
FNDA:0,(anonymous_16)
FNDA:0,(anonymous_17)
FNDA:0,(anonymous_18)
FNDA:0,(anonymous_19)
FNDA:0,(anonymous_20)
FNDA:0,(anonymous_21)
FNDA:0,(anonymous_22)
FNDA:8,(anonymous_23)
FNDA:1,(anonymous_24)
FNDA:5,(anonymous_25)
DA:1,5
DA:3,5
DA:5,5
DA:10,70
DA:14,70
DA:18,1
DA:22,5
DA:23,5
DA:24,5
DA:26,5
DA:36,5
DA:37,1
DA:39,5
DA:45,4
DA:47,1
DA:48,1
DA:53,4
DA:54,4
DA:58,3
DA:59,3
DA:61,1
DA:62,1
DA:67,1
DA:68,1
DA:72,1
DA:73,1
DA:75,0
DA:76,0
DA:82,12
DA:84,27
DA:85,27
DA:89,12
DA:90,12
DA:92,12
DA:93,1
DA:94,1
DA:97,11
DA:98,5
DA:99,1
DA:101,5
DA:109,6
DA:110,1
DA:111,1
DA:112,2
DA:113,2
DA:116,6
DA:117,13
DA:118,13
DA:128,1
DA:129,1
DA:134,4
DA:135,4
DA:136,1
DA:138,4
DA:147,3
DA:149,1
DA:150,1
DA:155,3
DA:156,3
DA:157,1
DA:159,3
DA:168,3
DA:170,0
DA:171,0
DA:176,0
DA:177,0
DA:178,0
DA:179,0
DA:180,0
DA:181,0
DA:182,0
DA:184,0
DA:185,0
DA:186,0
DA:187,0
DA:188,0
DA:190,0
DA:191,0
DA:192,0
DA:193,0
DA:194,0
DA:196,0
DA:200,2
DA:202,2
DA:203,2
DA:207,2
DA:208,2
DA:212,1
DA:214,1
DA:215,1
DA:220,0
DA:221,0
DA:225,0
DA:227,0
DA:228,0
DA:233,0
DA:234,0
DA:238,0
DA:240,0
DA:241,0
DA:246,0
DA:247,0
DA:251,0
DA:253,0
DA:254,0
DA:259,0
DA:260,0
DA:264,0
DA:266,0
DA:267,0
DA:272,0
DA:273,0
DA:277,0
DA:279,0
DA:280,0
DA:285,0
DA:286,0
DA:287,0
DA:288,0
DA:289,0
DA:290,0
DA:292,0
DA:293,0
DA:298,0
DA:299,0
DA:300,0
DA:301,0
DA:302,0
DA:303,0
DA:305,0
DA:306,0
DA:311,8
DA:312,8
DA:319,1
DA:320,1
DA:325,1
DA:329,5
DA:330,5
DA:331,5
DA:332,5
DA:333,1
DA:335,5
DA:341,4
DA:343,1
DA:344,1
LF:145
LH:82
BRDA:23,0,0,1
BRDA:23,0,1,4
BRDA:24,1,0,1
BRDA:24,1,1,4
BRDA:36,2,0,1
BRDA:36,2,1,4
BRDA:92,3,0,1
BRDA:92,3,1,11
BRDA:97,4,0,5
BRDA:97,4,1,6
BRDA:98,5,0,1
BRDA:98,5,1,4
BRDA:109,6,0,1
BRDA:109,6,1,5
BRDA:135,7,0,1
BRDA:135,7,1,3
BRDA:156,8,0,1
BRDA:156,8,1,2
BRDA:203,9,0,1
BRDA:203,9,1,1
BRDA:286,10,0,0
BRDA:286,10,1,0
BRDA:299,11,0,0
BRDA:299,11,1,0
BRDA:330,12,0,1
BRDA:330,12,1,4
BRDA:332,13,0,1
BRDA:332,13,1,4
BRF:28
BRH:24
end_of_record
TN:
SF:src/index.ts
FN:13,(anonymous_11)
FN:14,(anonymous_12)
FN:20,getContext
FN:75,(anonymous_14)
FN:95,(anonymous_15)
FN:102,(anonymous_16)
FN:117,(anonymous_17)
FN:132,(anonymous_18)
FN:147,(anonymous_19)
FN:159,(anonymous_20)
FN:174,(anonymous_21)
FN:186,(anonymous_22)
FN:201,(anonymous_23)
FN:216,(anonymous_24)
FN:233,(anonymous_25)
FNF:15
FNH:1
FNDA:0,(anonymous_11)
FNDA:0,(anonymous_12)
FNDA:20,getContext
FNDA:0,(anonymous_14)
FNDA:0,(anonymous_15)
FNDA:0,(anonymous_16)
FNDA:0,(anonymous_17)
FNDA:0,(anonymous_18)
FNDA:0,(anonymous_19)
FNDA:0,(anonymous_20)
FNDA:0,(anonymous_21)
FNDA:0,(anonymous_22)
FNDA:0,(anonymous_23)
FNDA:0,(anonymous_24)
FNDA:0,(anonymous_25)
DA:3,1
DA:4,1
DA:5,1
DA:6,1
DA:7,1
DA:8,1
DA:9,1
DA:13,1
DA:14,1
DA:15,1
DA:18,1
DA:20,1
DA:21,20
DA:22,20
DA:23,20
DA:26,20
DA:27,1
DA:32,19
DA:33,19
DA:34,18
DA:37,18
DA:38,0
DA:41,1
DA:45,18
DA:46,18
DA:48,18
DA:60,1
DA:76,0
DA:77,0
DA:78,0
DA:79,0
DA:80,0
DA:81,0
DA:83,0
DA:84,0
DA:86,0
DA:87,0
DA:88,0
DA:96,0
DA:103,0
DA:104,0
DA:105,0
DA:106,0
DA:108,0
DA:109,0
DA:110,0
DA:118,0
DA:119,0
DA:120,0
DA:121,0
DA:123,0
DA:124,0
DA:125,0
DA:133,0
DA:134,0
DA:135,0
DA:136,0
DA:138,0
DA:139,0
DA:140,0
DA:148,0
DA:160,0
DA:161,0
DA:162,0
DA:163,0
DA:165,0
DA:166,0
DA:167,0
DA:175,0
DA:187,0
DA:188,0
DA:189,0
DA:190,0
DA:192,0
DA:193,0
DA:194,0
DA:202,0
DA:203,0
DA:204,0
DA:205,0
DA:207,0
DA:208,0
DA:209,0
DA:217,0
DA:218,0
DA:219,0
DA:220,0
DA:222,0
DA:223,0
DA:224,0
DA:234,0
DA:235,0
DA:236,0
DA:237,0
DA:238,0
DA:239,0
DA:241,0
LF:97
LH:26
BRDA:21,0,0,20
BRDA:21,0,1,18
BRDA:23,1,0,20
BRDA:23,1,1,19
BRDA:26,2,0,1
BRDA:26,2,1,19
BRDA:34,3,0,18
BRDA:34,3,1,0
BRDA:37,4,0,0
BRDA:37,4,1,18
BRDA:37,5,0,18
BRDA:37,5,1,18
BRDA:46,6,0,2
BRDA:46,6,1,16
BRDA:46,7,0,18
BRDA:46,7,1,2
BRDA:53,8,0,2
BRDA:53,8,1,16
BRDA:55,9,0,3
BRDA:55,9,1,15
BRDA:56,10,0,3
BRDA:56,10,1,15
BRDA:78,11,0,0
BRDA:78,11,1,0
BRDA:87,12,0,0
BRDA:87,12,1,0
BRDA:87,13,0,0
BRDA:87,13,1,0
BRDA:109,14,0,0
BRDA:109,14,1,0
BRDA:109,15,0,0
BRDA:109,15,1,0
BRDA:124,16,0,0
BRDA:124,16,1,0
BRDA:124,17,0,0
BRDA:124,17,1,0
BRDA:139,18,0,0
BRDA:139,18,1,0
BRDA:139,19,0,0
BRDA:139,19,1,0
BRDA:166,20,0,0
BRDA:166,20,1,0
BRDA:166,21,0,0
BRDA:166,21,1,0
BRDA:193,22,0,0
BRDA:193,22,1,0
BRDA:193,23,0,0
BRDA:193,23,1,0
BRDA:208,24,0,0
BRDA:208,24,1,0
BRDA:208,25,0,0
BRDA:208,25,1,0
BRDA:223,26,0,0
BRDA:223,26,1,0
BRDA:223,27,0,0
BRDA:223,27,1,0
BRDA:234,28,0,0
BRDA:234,28,1,0
BRDA:234,29,0,0
BRDA:234,29,1,0
BRDA:234,29,2,0
BRDA:236,30,0,0
BRDA:236,30,1,0
BRDA:236,31,0,0
BRDA:236,31,1,0
BRDA:237,32,0,0
BRDA:237,32,1,0
BRDA:237,33,0,0
BRDA:237,33,1,0
BRF:69
BRH:20
end_of_record
TN:
SF:src/runner.ts
FN:12,interpolateEnvVars
FN:13,(anonymous_11)
FN:24,formatSQL
FN:48,(anonymous_13)
FN:57,(anonymous_14)
FN:116,(anonymous_15)
FN:122,(anonymous_16)
FN:143,(anonymous_17)
FN:218,(anonymous_18)
FN:226,(anonymous_19)
FN:243,(anonymous_20)
FN:253,(anonymous_21)
FN:262,(anonymous_22)
FN:278,(anonymous_23)
FN:283,(anonymous_24)
FN:288,(anonymous_25)
FN:291,(anonymous_26)
FN:292,(anonymous_27)
FN:304,(anonymous_28)
FN:318,(anonymous_29)
FN:350,(anonymous_30)
FN:355,(anonymous_31)
FN:356,(anonymous_32)
FN:397,(anonymous_33)
FN:399,(anonymous_34)
FN:402,(anonymous_35)
FN:428,(anonymous_36)
FN:466,(anonymous_37)
FN:470,(anonymous_38)
FN:512,(anonymous_39)
FN:517,(anonymous_40)
FN:518,(anonymous_41)
FN:559,(anonymous_42)
FN:580,(anonymous_43)
FN:582,(anonymous_44)
FN:628,(anonymous_45)
FN:640,(anonymous_46)
FN:660,(anonymous_47)
FN:661,(anonymous_48)
FN:662,(anonymous_49)
FN:730,(anonymous_50)
FN:735,(anonymous_51)
FNF:42
FNH:38
FNDA:30,interpolateEnvVars
FNDA:0,(anonymous_11)
FNDA:30,formatSQL
FNDA:88,(anonymous_13)
FNDA:15,(anonymous_14)
FNDA:3,(anonymous_15)
FNDA:3,(anonymous_16)
FNDA:9,(anonymous_17)
FNDA:3,(anonymous_18)
FNDA:2,(anonymous_19)
FNDA:0,(anonymous_20)
FNDA:0,(anonymous_21)
FNDA:2,(anonymous_22)
FNDA:1,(anonymous_23)
FNDA:14,(anonymous_24)
FNDA:1,(anonymous_25)
FNDA:14,(anonymous_26)
FNDA:1,(anonymous_27)
FNDA:1,(anonymous_28)
FNDA:4,(anonymous_29)
FNDA:4,(anonymous_30)
FNDA:4,(anonymous_31)
FNDA:4,(anonymous_32)
FNDA:11,(anonymous_33)
FNDA:11,(anonymous_34)
FNDA:1,(anonymous_35)
FNDA:1,(anonymous_36)
FNDA:3,(anonymous_37)
FNDA:7,(anonymous_38)
FNDA:2,(anonymous_39)
FNDA:2,(anonymous_40)
FNDA:2,(anonymous_41)
FNDA:6,(anonymous_42)
FNDA:0,(anonymous_43)
FNDA:3,(anonymous_44)
FNDA:16,(anonymous_45)
FNDA:16,(anonymous_46)
FNDA:5,(anonymous_47)
FNDA:2,(anonymous_48)
FNDA:2,(anonymous_49)
FNDA:4,(anonymous_50)
FNDA:1,(anonymous_51)
DA:2,3
DA:3,3
DA:4,3
DA:5,3
DA:6,3
DA:7,3
DA:9,3
DA:13,30
DA:14,0
DA:15,0
DA:16,0
DA:17,0
DA:19,0
DA:25,30
DA:26,0
DA:28,30
DA:31,30
DA:32,18
DA:34,30
DA:35,2
DA:39,30
DA:41,30
DA:44,3
DA:49,88
DA:50,88
DA:51,88
DA:52,2
DA:53,2
DA:58,15
DA:59,15
DA:60,15
DA:61,13
DA:62,21
DA:63,21
DA:64,17
DA:65,17
DA:66,17
DA:68,17
DA:69,17
DA:71,17
DA:73,15
DA:74,15
DA:78,15
DA:81,15
DA:82,15
DA:85,15
DA:86,15
DA:87,15
DA:88,15
DA:90,15
DA:101,2
DA:102,2
DA:103,2
DA:109,2
DA:110,2
DA:112,0
DA:114,2
DA:116,13
DA:123,3
DA:124,3
DA:125,3
DA:126,2
DA:127,2
DA:128,1
DA:130,1
DA:132,2
DA:134,1
DA:135,1
DA:144,9
DA:146,9
DA:147,9
DA:148,9
DA:150,9
DA:181,9
DA:208,9
DA:209,9
DA:210,9
DA:211,8
DA:212,8
DA:214,1
DA:219,3
DA:220,3
DA:221,3
DA:223,3
DA:225,3
DA:226,3
DA:228,3
DA:229,2
DA:233,2
DA:234,2
DA:235,2
DA:236,2
DA:238,0
DA:240,2
DA:243,3
DA:244,0
DA:253,3
DA:255,3
DA:256,1
DA:257,1
DA:260,2
DA:261,2
DA:262,2
DA:263,2
DA:264,2
DA:265,2
DA:267,2
DA:268,2
DA:270,2
DA:275,2
DA:279,1
DA:280,1
DA:284,14
DA:285,14
DA:286,14
DA:287,14
DA:288,14
DA:290,14
DA:291,14
DA:292,1
DA:294,14
DA:295,2
DA:298,2
DA:299,2
DA:302,12
DA:303,12
DA:304,1
DA:305,1
DA:306,0
DA:307,0
DA:309,1
DA:310,1
DA:311,0
DA:312,0
DA:316,12
DA:317,4
DA:318,4
DA:319,4
DA:321,4
DA:323,8
DA:326,12
DA:327,12
DA:331,12
DA:333,12
DA:334,2
DA:337,2
DA:338,2
DA:341,10
DA:342,10
DA:343,3
DA:344,3
DA:345,3
DA:346,3
DA:347,3
DA:350,4
DA:351,3
DA:352,3
DA:355,4
DA:356,3
DA:357,4
DA:358,4
DA:359,1
DA:363,3
DA:365,7
DA:366,1
DA:367,1
DA:368,1
DA:369,1
DA:370,1
DA:371,1
DA:372,1
DA:373,1
DA:376,7
DA:377,5
DA:378,5
DA:381,2
DA:382,2
DA:383,2
DA:384,2
DA:389,10
DA:390,4
DA:392,6
DA:393,6
DA:398,11
DA:399,11
DA:401,11
DA:402,1
DA:404,11
DA:405,1
DA:406,1
DA:409,10
DA:411,10
DA:413,9
DA:414,9
DA:415,9
DA:416,9
DA:417,9
DA:418,9
DA:420,0
DA:421,0
DA:425,1
DA:426,1
DA:428,1
DA:430,1
DA:431,0
DA:433,0
DA:434,0
DA:436,0
DA:442,1
DA:444,1
DA:445,0
DA:446,0
DA:449,1
DA:450,1
DA:451,1
DA:452,1
DA:454,0
DA:459,10
DA:460,0
DA:461,0
DA:464,10
DA:465,3
DA:466,3
DA:467,3
DA:469,7
DA:470,7
DA:472,7
DA:473,6
DA:481,6
DA:482,1
DA:483,1
DA:488,9
DA:489,9
DA:493,9
DA:495,9
DA:496,1
DA:499,1
DA:500,1
DA:503,8
DA:504,8
DA:505,2
DA:506,2
DA:507,2
DA:508,2
DA:509,2
DA:512,2
DA:513,2
DA:514,2
DA:517,2
DA:518,2
DA:519,2
DA:520,2
DA:521,0
DA:525,2
DA:527,6
DA:528,1
DA:529,1
DA:530,1
DA:531,1
DA:532,1
DA:533,1
DA:534,1
DA:535,1
DA:538,6
DA:539,6
DA:540,6
DA:543,0
DA:544,0
DA:545,0
DA:546,0
DA:551,9
DA:552,3
DA:554,6
DA:555,6
DA:560,6
DA:561,6
DA:562,6
DA:563,5
DA:571,5
DA:574,6
DA:575,1
DA:576,1
DA:579,5
DA:580,5
DA:581,5
DA:582,5
DA:584,5
DA:585,2
DA:587,3
DA:588,3
DA:589,3
DA:590,3
DA:591,3
DA:592,0
DA:593,0
DA:595,3
DA:596,3
DA:597,1
DA:598,1
DA:599,1
DA:600,1
DA:601,1
DA:602,1
DA:603,1
DA:604,1
DA:607,3
DA:609,0
DA:610,0
DA:611,0
DA:616,5
DA:617,5
DA:618,5
DA:619,5
DA:620,5
DA:621,5
DA:623,0
DA:624,0
DA:629,16
DA:631,16
DA:633,16
DA:634,16
DA:637,16
DA:640,16
DA:641,16
DA:642,3
DA:646,16
DA:647,1
DA:650,16
DA:651,16
DA:652,16
DA:655,16
DA:656,17
DA:657,17
DA:658,17
DA:660,17
DA:661,6
DA:662,6
DA:665,5
DA:666,1
DA:669,5
DA:678,5
DA:679,2
DA:680,2
DA:681,5
DA:682,5
DA:683,4
DA:684,4
DA:686,1
DA:692,5
DA:693,1
DA:694,1
DA:695,2
DA:696,2
DA:697,2
DA:698,2
DA:700,0
DA:706,5
DA:707,1
DA:708,1
DA:709,2
DA:710,2
DA:711,2
DA:712,2
DA:714,0
DA:719,5
DA:720,5
DA:721,1
DA:723,4
DA:726,11
DA:731,4
DA:732,4
DA:733,4
DA:734,4
DA:735,4
DA:737,4
DA:738,1
DA:739,1
DA:742,3
DA:743,3
DA:745,3
DA:746,4
DA:747,4
DA:748,1
DA:749,1
DA:750,1
DA:753,3
DA:754,3
DA:755,3
DA:756,3
DA:758,0
DA:762,3
DA:763,3
DA:764,3
DA:766,3
DA:767,2
DA:768,2
DA:769,2
LF:397
LH:358
BRDA:15,0,0,0
BRDA:15,0,1,0
BRDA:25,1,0,0
BRDA:25,1,1,30
BRDA:31,2,0,18
BRDA:31,2,1,12
BRDA:34,3,0,2
BRDA:34,3,1,28
BRDA:51,4,0,2
BRDA:51,4,1,86
BRDA:63,5,0,17
BRDA:63,5,1,4
BRDA:73,6,0,15
BRDA:73,6,1,4
BRDA:74,7,0,15
BRDA:74,7,1,6
BRDA:78,8,0,15
BRDA:78,8,1,11
BRDA:78,8,2,10
BRDA:81,9,0,15
BRDA:81,9,1,4
BRDA:82,10,0,15
BRDA:82,10,1,4
BRDA:102,11,0,2
BRDA:102,11,1,0
BRDA:109,12,0,2
BRDA:109,12,1,0
BRDA:127,13,0,1
BRDA:127,13,1,1
BRDA:233,14,0,2
BRDA:233,14,1,0
BRDA:234,15,0,2
BRDA:234,15,1,0
BRDA:248,16,0,0
BRDA:248,16,1,0
BRDA:255,17,0,1
BRDA:255,17,1,2
BRDA:264,18,0,2
BRDA:264,18,1,0
BRDA:265,19,0,0
BRDA:265,19,1,2
BRDA:267,20,0,0
BRDA:267,20,1,2
BRDA:268,21,0,2
BRDA:268,21,1,0
BRDA:284,22,0,5
BRDA:284,22,1,9
BRDA:285,23,0,1
BRDA:285,23,1,13
BRDA:294,24,0,2
BRDA:294,24,1,12
BRDA:295,25,0,1
BRDA:295,25,1,1
BRDA:303,26,0,1
BRDA:303,26,1,11
BRDA:305,27,0,0
BRDA:305,27,1,1
BRDA:310,28,0,0
BRDA:310,28,1,1
BRDA:316,29,0,4
BRDA:316,29,1,8
BRDA:327,30,0,4
BRDA:327,30,1,8
BRDA:333,31,0,2
BRDA:333,31,1,10
BRDA:334,32,0,1
BRDA:334,32,1,1
BRDA:342,33,0,3
BRDA:342,33,1,7
BRDA:345,34,0,1
BRDA:345,34,1,2
BRDA:346,35,0,1
BRDA:346,35,1,2
BRDA:351,36,0,2
BRDA:351,36,1,1
BRDA:358,37,0,1
BRDA:358,37,1,3
BRDA:365,38,0,1
BRDA:365,38,1,6
BRDA:369,39,0,1
BRDA:369,39,1,0
BRDA:369,40,0,1
BRDA:369,40,1,0
BRDA:371,41,0,1
BRDA:371,41,1,0
BRDA:372,42,0,1
BRDA:372,42,1,0
BRDA:381,43,0,2
BRDA:381,43,1,0
BRDA:389,44,0,4
BRDA:389,44,1,6
BRDA:404,45,0,1
BRDA:404,45,1,10
BRDA:411,46,0,9
BRDA:411,46,1,1
BRDA:414,47,0,3
BRDA:414,47,1,6
BRDA:417,48,0,9
BRDA:417,48,1,0
BRDA:425,49,0,0
BRDA:425,49,1,1
BRDA:430,50,0,0
BRDA:430,50,1,1
BRDA:433,51,0,0
BRDA:433,51,1,0
BRDA:444,52,0,0
BRDA:444,52,1,1
BRDA:451,53,0,1
BRDA:451,53,1,0
BRDA:459,54,0,0
BRDA:459,54,1,10
BRDA:464,55,0,3
BRDA:464,55,1,7
BRDA:472,56,0,6
BRDA:472,56,1,1
BRDA:481,57,0,1
BRDA:481,57,1,5
BRDA:489,58,0,3
BRDA:489,58,1,6
BRDA:495,59,0,1
BRDA:495,59,1,8
BRDA:496,60,0,1
BRDA:496,60,1,0
BRDA:504,61,0,2
BRDA:504,61,1,6
BRDA:507,62,0,1
BRDA:507,62,1,1
BRDA:508,63,0,1
BRDA:508,63,1,1
BRDA:513,64,0,2
BRDA:513,64,1,0
BRDA:520,65,0,0
BRDA:520,65,1,2
BRDA:527,66,0,1
BRDA:527,66,1,5
BRDA:531,67,0,1
BRDA:531,67,1,0
BRDA:531,68,0,1
BRDA:531,68,1,0
BRDA:533,69,0,1
BRDA:533,69,1,0
BRDA:534,70,0,1
BRDA:534,70,1,0
BRDA:543,71,0,0
BRDA:543,71,1,0
BRDA:551,72,0,3
BRDA:551,72,1,6
BRDA:562,73,0,5
BRDA:562,73,1,1
BRDA:574,74,0,1
BRDA:574,74,1,5
BRDA:584,75,0,2
BRDA:584,75,1,3
BRDA:591,76,0,0
BRDA:591,76,1,3
BRDA:591,77,0,3
BRDA:591,77,1,3
BRDA:596,78,0,1
BRDA:596,78,1,2
BRDA:600,79,0,1
BRDA:600,79,1,0
BRDA:600,80,0,1
BRDA:600,80,1,0
BRDA:602,81,0,1
BRDA:602,81,1,0
BRDA:603,82,0,1
BRDA:603,82,1,0
BRDA:641,83,0,3
BRDA:641,83,1,13
BRDA:646,84,0,1
BRDA:646,84,1,15
BRDA:665,85,0,1
BRDA:665,85,1,4
BRDA:678,86,0,2
BRDA:678,86,1,3
BRDA:692,87,0,1
BRDA:692,87,1,4
BRDA:706,88,0,1
BRDA:706,88,1,4
BRDA:720,89,0,1
BRDA:720,89,1,4
BRDA:737,90,0,1
BRDA:737,90,1,3
BRDA:747,91,0,1
BRDA:747,91,1,3
BRDA:747,92,0,4
BRDA:747,92,1,1
BRDA:766,93,0,2
BRDA:766,93,1,1
BRF:189
BRH:147
end_of_record
