TN:
SF:src/db.ts
FN:9,(anonymous_1)
FN:17,(anonymous_2)
FN:21,(anonymous_3)
FN:52,(anonymous_4)
FN:66,(anonymous_5)
FN:80,(anonymous_6)
FN:84,(anonymous_7)
FN:85,(anonymous_8)
FN:88,(anonymous_9)
FN:133,(anonymous_10)
FN:154,(anonymous_11)
FN:175,(anonymous_12)
FN:199,(anonymous_13)
FN:202,(anonymous_14)
FN:206,(anonymous_15)
FN:219,(anonymous_16)
FN:232,(anonymous_17)
FN:245,(anonymous_18)
FN:258,(anonymous_19)
FN:271,(anonymous_20)
FN:284,(anonymous_21)
FN:297,(anonymous_22)
FN:328,(anonymous_23)
FN:342,(anonymous_24)
FN:346,(anonymous_25)
FNF:25
FNH:25
FNDA:93,(anonymous_1)
FNDA:1,(anonymous_2)
FNDA:5,(anonymous_3)
FNDA:4,(anonymous_4)
FNDA:2,(anonymous_5)
FNDA:12,(anonymous_6)
FNDA:27,(anonymous_7)
FNDA:27,(anonymous_8)
FNDA:12,(anonymous_9)
FNDA:4,(anonymous_10)
FNDA:4,(anonymous_11)
FNDA:4,(anonymous_12)
FNDA:2,(anonymous_13)
FNDA:1,(anonymous_14)
FNDA:6,(anonymous_15)
FNDA:6,(anonymous_16)
FNDA:6,(anonymous_17)
FNDA:2,(anonymous_18)
FNDA:2,(anonymous_19)
FNDA:2,(anonymous_20)
FNDA:3,(anonymous_21)
FNDA:6,(anonymous_22)
FNDA:8,(anonymous_23)
FNDA:1,(anonymous_24)
FNDA:5,(anonymous_25)
DA:1,5
DA:3,5
DA:5,5
DA:10,93
DA:14,93
DA:18,1
DA:22,5
DA:23,5
DA:24,5
DA:26,5
DA:36,5
DA:37,1
DA:39,5
DA:45,4
DA:47,1
DA:48,1
DA:53,4
DA:54,4
DA:57,3
DA:58,3
DA:59,3
DA:61,1
DA:62,1
DA:67,2
DA:68,2
DA:71,1
DA:72,1
DA:73,1
DA:75,1
DA:76,1
DA:82,12
DA:84,27
DA:85,27
DA:89,12
DA:90,12
DA:92,12
DA:93,1
DA:94,1
DA:97,11
DA:98,5
DA:99,1
DA:101,5
DA:109,6
DA:110,1
DA:111,1
DA:112,2
DA:113,2
DA:116,6
DA:117,13
DA:118,13
DA:128,1
DA:129,1
DA:134,4
DA:135,4
DA:136,1
DA:138,4
DA:147,3
DA:149,1
DA:150,1
DA:155,4
DA:156,4
DA:157,1
DA:159,4
DA:168,3
DA:170,1
DA:171,1
DA:176,4
DA:177,4
DA:178,4
DA:179,4
DA:180,1
DA:181,1
DA:182,1
DA:184,4
DA:185,4
DA:186,1
DA:187,1
DA:188,1
DA:190,4
DA:191,4
DA:192,1
DA:193,1
DA:194,1
DA:196,4
DA:200,2
DA:202,2
DA:203,2
DA:207,6
DA:208,6
DA:211,5
DA:212,5
DA:214,1
DA:215,1
DA:220,6
DA:221,6
DA:224,5
DA:225,5
DA:227,1
DA:228,1
DA:233,6
DA:234,6
DA:237,3
DA:238,3
DA:240,3
DA:241,3
DA:246,2
DA:247,2
DA:250,1
DA:251,1
DA:253,1
DA:254,1
DA:259,2
DA:260,2
DA:263,1
DA:264,1
DA:266,1
DA:267,1
DA:272,2
DA:273,2
DA:276,1
DA:277,1
DA:279,1
DA:280,1
DA:285,3
DA:286,3
DA:287,3
DA:288,3
DA:289,2
DA:290,0
DA:292,3
DA:293,3
DA:298,6
DA:300,6
DA:301,6
DA:302,6
DA:303,1
DA:305,6
DA:306,5
DA:307,5
DA:308,0
DA:311,5
DA:314,5
DA:321,5
DA:323,1
DA:324,1
DA:329,8
DA:330,8
DA:337,1
DA:338,1
DA:343,1
DA:347,5
DA:348,5
DA:349,5
DA:350,5
DA:351,1
DA:353,5
DA:359,4
DA:361,1
DA:362,1
LF:159
LH:157
BRDA:23,0,0,1
BRDA:23,0,1,4
BRDA:24,1,0,1
BRDA:24,1,1,4
BRDA:36,2,0,1
BRDA:36,2,1,4
BRDA:92,3,0,1
BRDA:92,3,1,11
BRDA:97,4,0,5
BRDA:97,4,1,6
BRDA:98,5,0,1
BRDA:98,5,1,4
BRDA:109,6,0,1
BRDA:109,6,1,5
BRDA:135,7,0,1
BRDA:135,7,1,3
BRDA:156,8,0,1
BRDA:156,8,1,3
BRDA:203,9,0,1
BRDA:203,9,1,1
BRDA:286,10,0,1
BRDA:286,10,1,2
BRDA:300,11,0,1
BRDA:300,11,1,5
BRDA:302,12,0,1
BRDA:302,12,1,5
BRDA:307,13,0,0
BRDA:307,13,1,5
BRDA:348,14,0,1
BRDA:348,14,1,4
BRDA:350,15,0,1
BRDA:350,15,1,4
BRF:32
BRH:31
end_of_record
TN:
SF:src/index.ts
FN:13,(anonymous_11)
FN:14,(anonymous_12)
FN:20,getContext
FN:75,(anonymous_14)
FN:95,(anonymous_15)
FN:102,(anonymous_16)
FN:117,(anonymous_17)
FN:132,(anonymous_18)
FN:147,(anonymous_19)
FN:159,(anonymous_20)
FN:174,(anonymous_21)
FN:186,(anonymous_22)
FN:201,(anonymous_23)
FN:216,(anonymous_24)
FN:233,(anonymous_25)
FNF:15
FNH:1
FNDA:0,(anonymous_11)
FNDA:0,(anonymous_12)
FNDA:20,getContext
FNDA:0,(anonymous_14)
FNDA:0,(anonymous_15)
FNDA:0,(anonymous_16)
FNDA:0,(anonymous_17)
FNDA:0,(anonymous_18)
FNDA:0,(anonymous_19)
FNDA:0,(anonymous_20)
FNDA:0,(anonymous_21)
FNDA:0,(anonymous_22)
FNDA:0,(anonymous_23)
FNDA:0,(anonymous_24)
FNDA:0,(anonymous_25)
DA:3,1
DA:4,1
DA:5,1
DA:6,1
DA:7,1
DA:8,1
DA:9,1
DA:13,1
DA:14,1
DA:15,1
DA:18,1
DA:20,1
DA:21,20
DA:22,20
DA:23,20
DA:26,20
DA:27,1
DA:32,19
DA:33,19
DA:34,18
DA:37,18
DA:38,0
DA:41,1
DA:45,18
DA:46,18
DA:48,18
DA:60,1
DA:76,0
DA:77,0
DA:78,0
DA:79,0
DA:80,0
DA:81,0
DA:83,0
DA:84,0
DA:86,0
DA:87,0
DA:88,0
DA:96,0
DA:103,0
DA:104,0
DA:105,0
DA:106,0
DA:108,0
DA:109,0
DA:110,0
DA:118,0
DA:119,0
DA:120,0
DA:121,0
DA:123,0
DA:124,0
DA:125,0
DA:133,0
DA:134,0
DA:135,0
DA:136,0
DA:138,0
DA:139,0
DA:140,0
DA:148,0
DA:160,0
DA:161,0
DA:162,0
DA:163,0
DA:165,0
DA:166,0
DA:167,0
DA:175,0
DA:187,0
DA:188,0
DA:189,0
DA:190,0
DA:192,0
DA:193,0
DA:194,0
DA:202,0
DA:203,0
DA:204,0
DA:205,0
DA:207,0
DA:208,0
DA:209,0
DA:217,0
DA:218,0
DA:219,0
DA:220,0
DA:222,0
DA:223,0
DA:224,0
DA:234,0
DA:235,0
DA:236,0
DA:237,0
DA:238,0
DA:239,0
DA:241,0
LF:97
LH:26
BRDA:21,0,0,20
BRDA:21,0,1,18
BRDA:23,1,0,20
BRDA:23,1,1,19
BRDA:26,2,0,1
BRDA:26,2,1,19
BRDA:34,3,0,18
BRDA:34,3,1,0
BRDA:37,4,0,0
BRDA:37,4,1,18
BRDA:37,5,0,18
BRDA:37,5,1,18
BRDA:46,6,0,2
BRDA:46,6,1,16
BRDA:46,7,0,18
BRDA:46,7,1,2
BRDA:53,8,0,2
BRDA:53,8,1,16
BRDA:55,9,0,3
BRDA:55,9,1,15
BRDA:56,10,0,3
BRDA:56,10,1,15
BRDA:78,11,0,0
BRDA:78,11,1,0
BRDA:87,12,0,0
BRDA:87,12,1,0
BRDA:87,13,0,0
BRDA:87,13,1,0
BRDA:109,14,0,0
BRDA:109,14,1,0
BRDA:109,15,0,0
BRDA:109,15,1,0
BRDA:124,16,0,0
BRDA:124,16,1,0
BRDA:124,17,0,0
BRDA:124,17,1,0
BRDA:139,18,0,0
BRDA:139,18,1,0
BRDA:139,19,0,0
BRDA:139,19,1,0
BRDA:166,20,0,0
BRDA:166,20,1,0
BRDA:166,21,0,0
BRDA:166,21,1,0
BRDA:193,22,0,0
BRDA:193,22,1,0
BRDA:193,23,0,0
BRDA:193,23,1,0
BRDA:208,24,0,0
BRDA:208,24,1,0
BRDA:208,25,0,0
BRDA:208,25,1,0
BRDA:223,26,0,0
BRDA:223,26,1,0
BRDA:223,27,0,0
BRDA:223,27,1,0
BRDA:234,28,0,0
BRDA:234,28,1,0
BRDA:234,29,0,0
BRDA:234,29,1,0
BRDA:234,29,2,0
BRDA:236,30,0,0
BRDA:236,30,1,0
BRDA:236,31,0,0
BRDA:236,31,1,0
BRDA:237,32,0,0
BRDA:237,32,1,0
BRDA:237,33,0,0
BRDA:237,33,1,0
BRF:69
BRH:20
end_of_record
TN:
SF:src/runner.ts
FN:12,interpolateEnvVars
FN:13,(anonymous_11)
FN:24,formatSQL
FN:48,(anonymous_13)
FN:57,(anonymous_14)
FN:116,(anonymous_15)
FN:122,(anonymous_16)
FN:143,(anonymous_17)
FN:218,(anonymous_18)
FN:226,(anonymous_19)
FN:243,(anonymous_20)
FN:253,(anonymous_21)
FN:262,(anonymous_22)
FN:278,(anonymous_23)
FN:283,(anonymous_24)
FN:288,(anonymous_25)
FN:291,(anonymous_26)
FN:292,(anonymous_27)
FN:304,(anonymous_28)
FN:318,(anonymous_29)
FN:349,(anonymous_30)
FN:354,(anonymous_31)
FN:355,(anonymous_32)
FN:396,(anonymous_33)
FN:398,(anonymous_34)
FN:401,(anonymous_35)
FN:427,(anonymous_36)
FN:465,(anonymous_37)
FN:468,(anonymous_38)
FN:510,(anonymous_39)
FN:515,(anonymous_40)
FN:516,(anonymous_41)
FN:557,(anonymous_42)
FN:578,(anonymous_43)
FN:580,(anonymous_44)
FN:626,(anonymous_45)
FN:638,(anonymous_46)
FN:658,(anonymous_47)
FN:659,(anonymous_48)
FN:660,(anonymous_49)
FN:749,(anonymous_50)
FN:754,(anonymous_51)
FNF:42
FNH:39
FNDA:32,interpolateEnvVars
FNDA:2,(anonymous_11)
FNDA:34,formatSQL
FNDA:93,(anonymous_13)
FNDA:17,(anonymous_14)
FNDA:3,(anonymous_15)
FNDA:3,(anonymous_16)
FNDA:9,(anonymous_17)
FNDA:3,(anonymous_18)
FNDA:2,(anonymous_19)
FNDA:0,(anonymous_20)
FNDA:0,(anonymous_21)
FNDA:2,(anonymous_22)
FNDA:1,(anonymous_23)
FNDA:17,(anonymous_24)
FNDA:1,(anonymous_25)
FNDA:18,(anonymous_26)
FNDA:2,(anonymous_27)
FNDA:1,(anonymous_28)
FNDA:4,(anonymous_29)
FNDA:4,(anonymous_30)
FNDA:4,(anonymous_31)
FNDA:4,(anonymous_32)
FNDA:13,(anonymous_33)
FNDA:14,(anonymous_34)
FNDA:1,(anonymous_35)
FNDA:3,(anonymous_36)
FNDA:3,(anonymous_37)
FNDA:7,(anonymous_38)
FNDA:2,(anonymous_39)
FNDA:2,(anonymous_40)
FNDA:2,(anonymous_41)
FNDA:6,(anonymous_42)
FNDA:0,(anonymous_43)
FNDA:3,(anonymous_44)
FNDA:16,(anonymous_45)
FNDA:16,(anonymous_46)
FNDA:5,(anonymous_47)
FNDA:2,(anonymous_48)
FNDA:2,(anonymous_49)
FNDA:4,(anonymous_50)
FNDA:1,(anonymous_51)
DA:2,3
DA:3,3
DA:4,3
DA:5,3
DA:6,3
DA:7,3
DA:9,3
DA:13,32
DA:14,2
DA:15,2
DA:16,1
DA:17,1
DA:19,1
DA:25,34
DA:26,2
DA:28,32
DA:31,32
DA:32,18
DA:34,32
DA:35,2
DA:39,32
DA:41,32
DA:44,3
DA:49,93
DA:50,93
DA:51,93
DA:52,2
DA:53,2
DA:58,17
DA:59,17
DA:60,17
DA:61,15
DA:62,23
DA:63,23
DA:64,19
DA:65,19
DA:66,19
DA:68,19
DA:69,19
DA:71,19
DA:73,17
DA:74,17
DA:78,17
DA:81,17
DA:82,17
DA:85,17
DA:86,17
DA:87,17
DA:88,17
DA:90,17
DA:101,2
DA:102,2
DA:103,2
DA:109,2
DA:110,2
DA:112,0
DA:114,2
DA:116,15
DA:123,3
DA:124,3
DA:125,3
DA:126,2
DA:127,2
DA:128,1
DA:130,1
DA:132,2
DA:134,1
DA:135,1
DA:144,9
DA:146,9
DA:147,9
DA:148,9
DA:150,9
DA:181,9
DA:208,9
DA:209,9
DA:210,9
DA:211,8
DA:212,8
DA:214,1
DA:219,3
DA:220,3
DA:221,3
DA:223,3
DA:225,3
DA:226,3
DA:228,3
DA:229,2
DA:233,2
DA:234,2
DA:235,2
DA:236,2
DA:238,0
DA:240,2
DA:243,3
DA:244,0
DA:253,3
DA:255,3
DA:256,1
DA:257,1
DA:260,2
DA:261,2
DA:262,2
DA:263,2
DA:264,2
DA:265,2
DA:267,2
DA:268,2
DA:270,2
DA:275,2
DA:279,1
DA:280,1
DA:284,17
DA:285,17
DA:286,17
DA:287,17
DA:288,17
DA:290,17
DA:291,18
DA:292,2
DA:294,17
DA:295,2
DA:298,2
DA:299,2
DA:302,15
DA:303,15
DA:304,1
DA:305,1
DA:306,0
DA:307,0
DA:309,1
DA:310,1
DA:311,0
DA:312,0
DA:316,15
DA:317,4
DA:318,4
DA:319,4
DA:322,11
DA:325,15
DA:326,16
DA:330,16
DA:332,16
DA:333,4
DA:336,4
DA:337,4
DA:340,12
DA:341,12
DA:342,3
DA:343,3
DA:344,3
DA:345,3
DA:346,3
DA:349,4
DA:350,3
DA:351,3
DA:354,4
DA:355,3
DA:356,4
DA:357,4
DA:358,1
DA:362,3
DA:364,9
DA:365,1
DA:366,1
DA:367,1
DA:368,1
DA:369,1
DA:370,1
DA:371,1
DA:372,1
DA:375,9
DA:376,7
DA:377,7
DA:380,2
DA:381,2
DA:382,2
DA:383,2
DA:388,13
DA:389,4
DA:391,9
DA:392,9
DA:397,13
DA:398,14
DA:400,13
DA:401,1
DA:403,13
DA:404,1
DA:405,1
DA:408,12
DA:410,12
DA:412,9
DA:413,9
DA:414,9
DA:415,9
DA:416,9
DA:417,9
DA:419,0
DA:420,0
DA:424,3
DA:425,3
DA:427,3
DA:429,3
DA:430,2
DA:432,2
DA:433,1
DA:435,2
DA:441,1
DA:443,1
DA:444,0
DA:445,0
DA:448,1
DA:449,1
DA:450,1
DA:451,1
DA:453,0
DA:458,10
DA:459,0
DA:460,0
DA:463,10
DA:464,3
DA:465,3
DA:467,7
DA:468,7
DA:470,7
DA:471,6
DA:479,6
DA:480,1
DA:481,1
DA:486,9
DA:487,9
DA:491,9
DA:493,9
DA:494,1
DA:497,1
DA:498,1
DA:501,8
DA:502,8
DA:503,2
DA:504,2
DA:505,2
DA:506,2
DA:507,2
DA:510,2
DA:511,2
DA:512,2
DA:515,2
DA:516,2
DA:517,2
DA:518,2
DA:519,0
DA:523,2
DA:525,6
DA:526,1
DA:527,1
DA:528,1
DA:529,1
DA:530,1
DA:531,1
DA:532,1
DA:533,1
DA:536,6
DA:537,6
DA:538,6
DA:541,0
DA:542,0
DA:543,0
DA:544,0
DA:549,9
DA:550,3
DA:552,6
DA:553,6
DA:558,6
DA:559,6
DA:560,6
DA:561,5
DA:569,5
DA:572,6
DA:573,1
DA:574,1
DA:577,5
DA:578,5
DA:579,5
DA:580,5
DA:582,5
DA:583,2
DA:585,3
DA:586,3
DA:587,3
DA:588,3
DA:589,3
DA:590,0
DA:591,0
DA:593,3
DA:594,3
DA:595,1
DA:596,1
DA:597,1
DA:598,1
DA:599,1
DA:600,1
DA:601,1
DA:602,1
DA:605,3
DA:607,0
DA:608,0
DA:609,0
DA:614,5
DA:615,5
DA:616,5
DA:617,5
DA:618,5
DA:619,5
DA:621,0
DA:622,0
DA:627,16
DA:629,16
DA:631,16
DA:632,16
DA:635,16
DA:638,16
DA:639,16
DA:640,3
DA:644,16
DA:645,1
DA:648,16
DA:649,16
DA:650,16
DA:653,16
DA:654,17
DA:655,17
DA:656,17
DA:658,17
DA:659,6
DA:660,6
DA:663,5
DA:664,1
DA:667,5
DA:676,5
DA:677,2
DA:678,2
DA:679,2
DA:680,2
DA:681,5
DA:682,5
DA:683,4
DA:684,4
DA:686,4
DA:687,4
DA:689,4
DA:691,1
DA:697,5
DA:698,1
DA:699,1
DA:700,1
DA:701,1
DA:702,2
DA:703,2
DA:704,2
DA:705,2
DA:707,2
DA:708,0
DA:710,0
DA:712,2
DA:718,5
DA:719,1
DA:720,1
DA:721,1
DA:722,1
DA:723,2
DA:724,2
DA:725,2
DA:726,2
DA:728,2
DA:729,0
DA:731,0
DA:733,2
DA:738,5
DA:739,5
DA:740,1
DA:742,4
DA:745,11
DA:750,4
DA:751,4
DA:752,4
DA:753,4
DA:754,4
DA:756,4
DA:757,1
DA:758,1
DA:761,3
DA:762,3
DA:764,3
DA:765,4
DA:766,4
DA:767,1
DA:768,1
DA:769,1
DA:772,3
DA:773,3
DA:774,3
DA:775,3
DA:777,0
DA:781,3
DA:782,3
DA:783,3
DA:785,3
DA:786,2
DA:787,2
DA:788,2
LF:410
LH:379
BRDA:15,0,0,1
BRDA:15,0,1,1
BRDA:25,1,0,2
BRDA:25,1,1,32
BRDA:31,2,0,18
BRDA:31,2,1,14
BRDA:34,3,0,2
BRDA:34,3,1,30
BRDA:51,4,0,2
BRDA:51,4,1,91
BRDA:63,5,0,19
BRDA:63,5,1,4
BRDA:73,6,0,17
BRDA:73,6,1,4
BRDA:74,7,0,17
BRDA:74,7,1,8
BRDA:78,8,0,17
BRDA:78,8,1,13
BRDA:78,8,2,12
BRDA:81,9,0,17
BRDA:81,9,1,4
BRDA:82,10,0,17
BRDA:82,10,1,6
BRDA:102,11,0,2
BRDA:102,11,1,0
BRDA:109,12,0,2
BRDA:109,12,1,0
BRDA:127,13,0,1
BRDA:127,13,1,1
BRDA:233,14,0,2
BRDA:233,14,1,0
BRDA:234,15,0,2
BRDA:234,15,1,0
BRDA:248,16,0,0
BRDA:248,16,1,0
BRDA:255,17,0,1
BRDA:255,17,1,2
BRDA:264,18,0,2
BRDA:264,18,1,0
BRDA:265,19,0,0
BRDA:265,19,1,2
BRDA:267,20,0,0
BRDA:267,20,1,2
BRDA:268,21,0,2
BRDA:268,21,1,0
BRDA:284,22,0,5
BRDA:284,22,1,12
BRDA:285,23,0,1
BRDA:285,23,1,16
BRDA:294,24,0,2
BRDA:294,24,1,15
BRDA:295,25,0,1
BRDA:295,25,1,1
BRDA:303,26,0,1
BRDA:303,26,1,14
BRDA:305,27,0,0
BRDA:305,27,1,1
BRDA:310,28,0,0
BRDA:310,28,1,1
BRDA:316,29,0,4
BRDA:316,29,1,11
BRDA:326,30,0,4
BRDA:326,30,1,12
BRDA:332,31,0,4
BRDA:332,31,1,12
BRDA:333,32,0,1
BRDA:333,32,1,3
BRDA:341,33,0,3
BRDA:341,33,1,9
BRDA:344,34,0,1
BRDA:344,34,1,2
BRDA:345,35,0,1
BRDA:345,35,1,2
BRDA:350,36,0,2
BRDA:350,36,1,1
BRDA:357,37,0,1
BRDA:357,37,1,3
BRDA:364,38,0,1
BRDA:364,38,1,8
BRDA:368,39,0,1
BRDA:368,39,1,0
BRDA:368,40,0,1
BRDA:368,40,1,0
BRDA:370,41,0,1
BRDA:370,41,1,0
BRDA:371,42,0,1
BRDA:371,42,1,0
BRDA:380,43,0,2
BRDA:380,43,1,0
BRDA:388,44,0,4
BRDA:388,44,1,9
BRDA:403,45,0,1
BRDA:403,45,1,12
BRDA:410,46,0,9
BRDA:410,46,1,3
BRDA:413,47,0,3
BRDA:413,47,1,6
BRDA:416,48,0,9
BRDA:416,48,1,0
BRDA:424,49,0,0
BRDA:424,49,1,3
BRDA:429,50,0,2
BRDA:429,50,1,1
BRDA:432,51,0,1
BRDA:432,51,1,1
BRDA:443,52,0,0
BRDA:443,52,1,1
BRDA:450,53,0,1
BRDA:450,53,1,0
BRDA:458,54,0,0
BRDA:458,54,1,10
BRDA:463,55,0,3
BRDA:463,55,1,7
BRDA:470,56,0,6
BRDA:470,56,1,1
BRDA:479,57,0,1
BRDA:479,57,1,5
BRDA:487,58,0,3
BRDA:487,58,1,6
BRDA:493,59,0,1
BRDA:493,59,1,8
BRDA:494,60,0,1
BRDA:494,60,1,0
BRDA:502,61,0,2
BRDA:502,61,1,6
BRDA:505,62,0,1
BRDA:505,62,1,1
BRDA:506,63,0,1
BRDA:506,63,1,1
BRDA:511,64,0,2
BRDA:511,64,1,0
BRDA:518,65,0,0
BRDA:518,65,1,2
BRDA:525,66,0,1
BRDA:525,66,1,5
BRDA:529,67,0,1
BRDA:529,67,1,0
BRDA:529,68,0,1
BRDA:529,68,1,0
BRDA:531,69,0,1
BRDA:531,69,1,0
BRDA:532,70,0,1
BRDA:532,70,1,0
BRDA:541,71,0,0
BRDA:541,71,1,0
BRDA:549,72,0,3
BRDA:549,72,1,6
BRDA:560,73,0,5
BRDA:560,73,1,1
BRDA:572,74,0,1
BRDA:572,74,1,5
BRDA:582,75,0,2
BRDA:582,75,1,3
BRDA:589,76,0,0
BRDA:589,76,1,3
BRDA:589,77,0,3
BRDA:589,77,1,3
BRDA:594,78,0,1
BRDA:594,78,1,2
BRDA:598,79,0,1
BRDA:598,79,1,0
BRDA:598,80,0,1
BRDA:598,80,1,0
BRDA:600,81,0,1
BRDA:600,81,1,0
BRDA:601,82,0,1
BRDA:601,82,1,0
BRDA:639,83,0,3
BRDA:639,83,1,13
BRDA:644,84,0,1
BRDA:644,84,1,15
BRDA:663,85,0,1
BRDA:663,85,1,4
BRDA:676,86,0,2
BRDA:676,86,1,3
BRDA:686,87,0,4
BRDA:686,87,1,0
BRDA:697,88,0,1
BRDA:697,88,1,4
BRDA:707,89,0,0
BRDA:707,89,1,0
BRDA:718,90,0,1
BRDA:718,90,1,4
BRDA:728,91,0,0
BRDA:728,91,1,0
BRDA:739,92,0,1
BRDA:739,92,1,4
BRDA:756,93,0,1
BRDA:756,93,1,3
BRDA:766,94,0,1
BRDA:766,94,1,3
BRDA:766,95,0,4
BRDA:766,95,1,1
BRDA:785,96,0,2
BRDA:785,96,1,1
BRF:195
BRH:154
end_of_record
